<?xml version="1.0" encoding="UTF-8"?>
<!-- Generated by org.testng.reporters.JUnitReportReporter -->
<testsuite hostname="DESKTOP-PFKEPLP" failures="0" tests="1" name="Runner.TestRunner" time="12.805" errors="0" timestamp="30 Jan 2020 12:38:49 GMT" skipped="0">
  <testcase classname="Runner.TestRunner" name="feature" time="12.805"/>
</testsuite> <!-- Runner.TestRunner -->
